h:\code\local\sdk\valvesrc\hl_sdk_new5\src\game\client\game_controls\debug\vc120.pdb
h:\code\local\sdk\valvesrc\hl_sdk_new5\src\game\client\game_controls\debug\vc120.idb
h:\code\local\sdk\valvesrc\hl_sdk_new5\src\game\client\game_controls\debug\vgui_classmenu.obj
h:\code\local\sdk\valvesrc\hl_sdk_new5\src\game\client\game_controls\debug\vgui_consolepanel.obj
h:\code\local\sdk\valvesrc\hl_sdk_new5\src\game\client\game_controls\debug\vgui_controlconfigpanel.obj
h:\code\local\sdk\valvesrc\hl_sdk_new5\src\game\client\game_controls\debug\vgui_customobjects.obj
h:\code\local\sdk\valvesrc\hl_sdk_new5\src\game\client\game_controls\debug\vgui_int.obj
h:\code\local\sdk\valvesrc\hl_sdk_new5\src\game\client\game_controls\debug\vgui_motdwindow.obj
h:\code\local\sdk\valvesrc\hl_sdk_new5\src\game\client\game_controls\debug\vgui_schememanager.obj
h:\code\local\sdk\valvesrc\hl_sdk_new5\src\game\client\game_controls\debug\vgui_scorepanel.obj
h:\code\local\sdk\valvesrc\hl_sdk_new5\src\game\client\game_controls\debug\vgui_serverbrowser.obj
h:\code\local\sdk\valvesrc\hl_sdk_new5\src\game\client\game_controls\debug\vgui_spectatorpanel.obj
h:\code\local\sdk\valvesrc\hl_sdk_new5\src\game\client\game_controls\debug\vgui_teammenu.obj
h:\code\local\sdk\valvesrc\hl_sdk_new5\src\debug\game_controls.lib
h:\code\local\sdk\valvesrc\hl_sdk_new5\src\game\client\game_controls\debug\game_controls.tlog\cl.command.1.tlog
h:\code\local\sdk\valvesrc\hl_sdk_new5\src\game\client\game_controls\debug\game_controls.tlog\cl.read.1.tlog
h:\code\local\sdk\valvesrc\hl_sdk_new5\src\game\client\game_controls\debug\game_controls.tlog\cl.write.1.tlog
h:\code\local\sdk\valvesrc\hl_sdk_new5\src\game\client\game_controls\debug\game_controls.tlog\lib-link.read.1.tlog
h:\code\local\sdk\valvesrc\hl_sdk_new5\src\game\client\game_controls\debug\game_controls.tlog\lib-link.write.1.tlog
h:\code\local\sdk\valvesrc\hl_sdk_new5\src\game\client\game_controls\debug\game_controls.tlog\lib.command.1.tlog
